20230223	15:16:14	033e787d-00aa-438a-aa52-4383e5fabb16	GET	/users	undefined
20230223	15:18:09	abddc5ef-257b-4c3a-9f4c-627062ca85f6	POST	/users	undefined
20230223	15:19:03	3904d8ad-63aa-4bba-bf9a-1f3784643ad6	POST	/users	undefined
20230223	15:19:22	c8f5e092-3763-4fda-a751-5dd76e59d07b	GET	/users	undefined
20230223	15:24:06	34ed45ef-3c29-458b-883d-38dd21c31b2f	GET	/users	undefined
20230223	15:24:30	6a369713-3db7-483f-8cf1-dabb65dfc453	POST	/users	undefined
20230223	15:26:10	eb6becf0-9b53-47e2-b6b5-f67ebd7363b7	POST	/users	undefined
20230223	15:27:08	6ed05061-003a-4186-b3d6-e177015c6ffe	POST	/users	undefined
20230223	15:27:11	721a4a9c-0f27-4796-811b-90795c0a6ba1	POST	/users	undefined
20230223	15:28:26	9ccfaf5d-3579-4f77-90cf-7929101b9b42	POST	/users	undefined
20230223	15:28:42	609c3a9f-a150-4ccf-b59a-425abf9c70e0	GET	/users	undefined
20230223	15:29:14	71ad01df-d2d4-4aac-b538-f1cbaa3420a8	DELETE	/users	undefined
20230223	15:29:36	af721b43-3064-4657-b35d-a4a4c900c4ab	DELETE	/users	undefined
20230223	15:29:44	676e0852-2019-4043-b16d-9a86d885f022	DELETE	/users	undefined
20230223	15:30:14	a9d9427d-3092-4915-849e-ba06b52d6481	DELETE	/users	undefined
20230223	15:30:35	39650689-7836-4949-834f-20d1daea1ed9	DELETE	/users	undefined
20230223	15:30:42	99138fe5-1981-4eb0-99d7-e815cd4e9d1b	GET	/users	undefined
20230223	15:31:02	2ac92240-94f0-4525-830f-d6178eb3f127	DELETE	/users	undefined
20230223	15:31:22	b31baae0-25b4-42d6-b3ff-ce2b7c0e7728	DELETE	/users	undefined
20230223	15:31:41	171fb543-6ba6-456c-a971-8fcfffac82c7	DELETE	/users	undefined
20230223	15:32:06	c2bcf5e9-9169-4e15-ac4b-8c2199a7a7df	DELETE	/users	undefined
20230223	15:32:10	ee689ae1-6af2-4e84-aa7a-9a0714db9d28	GET	/users	undefined
20230223	15:33:14	5eeec82d-ba5e-4e21-bf36-bb38ab642349	POST	/users	undefined
20230223	16:09:13	08021609-0d59-443b-95aa-3e66c46aeb62	POST	/users	undefined
20230223	16:11:03	8ed3347c-9798-4c9f-84cb-34e81a5ad371	POST	/users	undefined
20230223	16:11:14	c9c18dcb-527d-4458-95fe-ff5c5252f64c	POST	/users	undefined
20230223	16:11:20	43696a87-c26d-484c-8d8d-dafc26f2c1e7	GET	/users	undefined
20230223	17:07:41	90fd98f4-3752-4eec-9614-a8e80495726b	POST	/auth	undefined
20230223	17:08:03	3658e554-044a-4c16-9a33-1c9e11278025	POST	/auth	undefined
20230223	17:08:17	a86bebe7-67d2-49c0-9184-f93be2bc97ef	POST	/auth/	undefined
20230223	17:09:06	81853396-8200-440d-84ad-51bd1f91468e	POST	/auth/	undefined
20230223	17:09:25	374098e2-bde7-4602-9325-f8dfef70145b	POST	/auth	undefined
20230223	17:11:23	d1cb9574-ed3d-4978-ab7e-bae0f437b283	POST	/auth	undefined
20230223	17:14:37	4b70e6e6-e307-4f52-a919-b3ffea253f24	POST	/auth	undefined
20230223	17:14:38	6db62d46-2731-4a60-849f-11f75cfaeae1	POST	/auth	undefined
20230223	17:14:39	11236e18-45ca-4d8a-ac2c-723ea949d798	POST	/auth	undefined
20230223	17:17:14	1cf197c3-aa79-4c26-957c-f7df6e36889f	POST	/auth	undefined
20230223	17:17:48	64a49ad2-83fe-46e0-b02b-271c064bf0b0	POST	/auth	undefined
20230223	17:17:54	953829c6-eed8-484e-8160-33a5c246a733	POST	/auth	undefined
20230223	17:18:39	c58c4e39-1923-4ba6-ae55-3ed805587d64	POST	/auth	undefined
20230223	17:20:10	05c27af6-45a1-4870-b78d-222916ec3aa1	POST	/auth	undefined
20230223	17:21:08	a8914796-c031-448c-8b21-1fecb4c94371	POST	/auth	undefined
20230223	17:21:54	b82a7e7f-a329-4b26-bba0-117be68a1d7c	POST	/auth	undefined
20230223	17:22:19	24fe73e2-01c0-4b54-8450-c628323f38a1	POST	/auth	undefined
